*** Using Compiler 'V5.06 update 1 (build 61)', folder: 'E:\keil5\ARM\ARMCC\Bin'
Build target 'Target 1'
assembling startup_stm32f10x_md.s...
compiling core_cm3.c...
compiling stm32f10x_crc.c...
compiling stm32f10x_exti.c...
compiling stm32f10x_dac.c...
compiling stm32f10x_bkp.c...
compiling stm32f10x_cec.c...
compiling stm32f10x_dbgmcu.c...
compiling stm32f10x_dma.c...
compiling stm32f10x_adc.c...
compiling system_stm32f10x.c...
compiling misc.c...
compiling stm32f10x_fsmc.c...
compiling stm32f10x_can.c...
compiling stm32f10x_flash.c...
compiling stm32f10x_gpio.c...
compiling IQ_math.c...
System\IQ_math.c(28): warning:  #68-D: integer conversion resulted in a change of sign
      t1 = -(int32_t)sine_array[-128 + i]; t2 = -(int32_t)sine_array[-127 + i];
System\IQ_math.c(28): warning:  #68-D: integer conversion resulted in a change of sign
      t1 = -(int32_t)sine_array[-128 + i]; t2 = -(int32_t)sine_array[-127 + i];
System\IQ_math.c: 2 warnings, 0 errors
compiling stm32f10x_i2c.c...
compiling stm32f10x_pwr.c...
compiling stm32f10x_iwdg.c...
compiling stm32f10x_spi.c...
compiling stm32f10x_rtc.c...
compiling stm32f10x_rcc.c...
compiling stm32f10x_sdio.c...
compiling stm32f10x_wwdg.c...
compiling LED.c...
compiling Delay.c...
compiling stm32f10x_usart.c...
compiling Key.c...
compiling stm32f10x_tim.c...
compiling OLED.c...
compiling Serial.c...
Hardware\Serial.c(466): warning:  #1-D: last line of file ends without a newline
  }
Hardware\Serial.c: 1 warning, 0 errors
compiling bsp_pid.c...
compiling MyI2C.c...
compiling stm32f10x_it.c...
compiling AS5600.c...
compiling main.c...
compiling bsp_foc.c...
compiling bsp_adc.c...
linking...
Program Size: Code=17936 RO-data=416 RW-data=220 ZI-data=1812  
".\Objects\Project.axf" - 0 Error(s), 3 Warning(s).
Build Time Elapsed:  00:00:02
