*** Using Compiler 'V5.06 update 1 (build 61)', folder: 'E:\keil5\ARM\ARMCC\Bin'
Build target 'Target 1'
assembling startup_stm32f10x_md.s...
compiling system_stm32f10x.c...
compiling stm32f10x_bkp.c...
compiling stm32f10x_fsmc.c...
compiling core_cm3.c...
compiling misc.c...
compiling stm32f10x_dbgmcu.c...
compiling stm32f10x_dac.c...
compiling stm32f10x_dma.c...
compiling stm32f10x_crc.c...
compiling stm32f10x_cec.c...
compiling stm32f10x_exti.c...
compiling stm32f10x_adc.c...
compiling stm32f10x_flash.c...
compiling stm32f10x_can.c...
compiling stm32f10x_gpio.c...
compiling stm32f10x_i2c.c...
compiling stm32f10x_iwdg.c...
compiling stm32f10x_pwr.c...
compiling stm32f10x_rcc.c...
compiling stm32f10x_rtc.c...
compiling stm32f10x_usart.c...
compiling stm32f10x_sdio.c...
compiling LED.c...
compiling stm32f10x_spi.c...
compiling stm32f10x_wwdg.c...
compiling Key.c...
compiling OLED.c...
compiling Delay.c...
compiling IQ_math.c...
compiling Serial.c...
compiling stm32f10x_tim.c...
compiling bsp_pid.c...
compiling MyI2C.c...
compiling AS5600.c...
compiling main.c...
compiling stm32f10x_it.c...
compiling bsp_foc.c...
compiling bsp_adc.c...
Hardware\ADC\bsp_adc.c(249): warning:  #188-D: enumerated type mixed with another type
      {   GPIO_WriteBit(
PIOA, 
PIO_Pin_4, !GPIO_ReadOutputDataBit(
PIOA, 
PIO_Pin_4));
Hardware\ADC\bsp_adc.c: 1 warning, 0 errors
linking...
Program Size: Code=19028 RO-data=700 RW-data=144 ZI-data=1088  
".\Objects\Project.axf" - 0 Error(s), 1 Warning(s).
Build Time Elapsed:  00:00:05
